<?xml version="1.0" encoding="UTF-8"?>
<!-- Generated by org.testng.reporters.JUnitReportReporter -->
<testsuite hostname="DESKTOP-5TL89NA" failures="0" tests="2" name="com.qa.alsober.tests.HomePageTest" time="16.277" errors="0" timestamp="2022-02-15T09:40:32 PST" skipped="0">
  <testcase classname="com.qa.alsober.tests.HomePageTest" name="VerifyLoggedinUserAccountName" time="16.146"/>
  <system-out/>
  <testcase classname="com.qa.alsober.tests.HomePageTest" name="VerifyLOgoutTextTest" time="0.131"/>
  <system-out/>
</testsuite> <!-- com.qa.alsober.tests.HomePageTest -->
