<?xml version="1.0" encoding="UTF-8"?>
<!-- Generated by org.testng.reporters.JUnitReportReporter -->
<testsuite hostname="DESKTOP-5TL89NA" failures="0" tests="2" name="com.qa.alsober.tests.LoginPageTest" time="2.950" errors="0" timestamp="2022-02-14T12:10:51 PST" skipped="0">
  <testcase classname="com.qa.alsober.tests.LoginPageTest" name="verifyLoginPageTitleTest" time="0.086"/>
  <system-out/>
  <testcase classname="com.qa.alsober.tests.LoginPageTest" name="logintest" time="2.864"/>
  <system-out/>
</testsuite> <!-- com.qa.alsober.tests.LoginPageTest -->
